[debug] [2021-04-13T22:30:39.023Z] ----------------------------------------------------------------------
[debug] [2021-04-13T22:30:39.025Z] Command:       /home/ed/.nvm/versions/node/v14.16.1/bin/node /usr/local/bin/firebase emulators:start
[debug] [2021-04-13T22:30:39.025Z] CLI Version:   9.9.0
[debug] [2021-04-13T22:30:39.025Z] Platform:      linux
[debug] [2021-04-13T22:30:39.025Z] Node Version:  v14.16.1
[debug] [2021-04-13T22:30:39.172Z] Time:          Wed Apr 14 2021 01:30:39 GMT+0300 (East Africa Time)
[debug] [2021-04-13T22:30:39.173Z] ----------------------------------------------------------------------
[debug] 
[debug] [2021-04-13T22:30:39.286Z] > command requires scopes: ["email","openid","https://www.googleapis.com/auth/cloudplatformprojects.readonly","https://www.googleapis.com/auth/firebase","https://www.googleapis.com/auth/cloud-platform"]
[debug] [2021-04-13T22:30:39.286Z] > authorizing via signed-in user (edwineddie54@gmail.com)
[info] i  emulators: Starting emulators: functions, hosting {"metadata":{"emulator":{"name":"hub"},"message":"Starting emulators: functions, hosting"}}
[warn] ⚠  emulators: It seems that you are running multiple instances of the emulator suite for project clone-7ec17. This may result in unexpected behavior. 
[debug] [2021-04-13T22:30:39.351Z] [hub] writing locator at /tmp/hub-clone-7ec17.json
[warn] ⚠  functions: The following emulators are not running, calls to these services from the Functions emulator will affect production: auth, firestore, database, pubsub {"metadata":{"emulator":{"name":"functions"},"message":"The following emulators are not running, calls to these services from the Functions emulator will affect production: \u001b[1mauth, firestore, database, pubsub\u001b[22m"}}
[warn] ⚠  Your requested "node" version "12" doesn't match your global version "14" {"metadata":{"emulator":{"name":"functions"},"message":"Your requested \"node\" version \"12\" doesn't match your global version \"14\""}}
[debug] [2021-04-13T22:30:39.499Z] defaultcredentials: writing to file /home/ed/.config/firebase/edwineddie54_gmail_com_application_default_credentials.json
[debug] [2021-04-13T22:30:39.513Z] Setting GAC to /home/ed/.config/firebase/edwineddie54_gmail_com_application_default_credentials.json {"metadata":{"emulator":{"name":"functions"},"message":"Setting GAC to /home/ed/.config/firebase/edwineddie54_gmail_com_application_default_credentials.json"}}
[debug] [2021-04-13T22:30:39.515Z] >>> [apiv2][query] GET https://firebase.googleapis.com/v1beta1/projects/clone-7ec17/adminSdkConfig [none]
[debug] [2021-04-13T22:30:40.442Z] <<< [apiv2][status] GET https://firebase.googleapis.com/v1beta1/projects/clone-7ec17/adminSdkConfig 200
[debug] [2021-04-13T22:30:40.442Z] <<< [apiv2][body] GET https://firebase.googleapis.com/v1beta1/projects/clone-7ec17/adminSdkConfig {"projectId":"clone-7ec17","storageBucket":"clone-7ec17.appspot.com","locationId":"us-central"}
[debug] [2021-04-13T22:30:40.495Z] >>> [apiv2][query] GET https://firebase.googleapis.com/v1beta1/projects/clone-7ec17/webApps/-/config [none]
[debug] [2021-04-13T22:30:41.628Z] <<< [apiv2][status] GET https://firebase.googleapis.com/v1beta1/projects/clone-7ec17/webApps/-/config 200
[debug] [2021-04-13T22:30:41.629Z] <<< [apiv2][body] GET https://firebase.googleapis.com/v1beta1/projects/clone-7ec17/webApps/-/config {"projectId":"clone-7ec17","appId":"1:587041003158:web:33357ee08a29789187d4b7","storageBucket":"clone-7ec17.appspot.com","locationId":"us-central","apiKey":"AIzaSyCf4DAGSdtQAiZBBkGqW0v_0Nne-EOnDyo","authDomain":"clone-7ec17.firebaseapp.com","messagingSenderId":"587041003158","measurementId":"G-LGCL453XCP"}
[info] i  hosting: Serving hosting files from: build {"metadata":{"emulator":{"name":"hosting"},"message":"Serving hosting files from: \u001b[1mbuild\u001b[22m"}}
[info] ✔  hosting: Local server: http://localhost:5000 {"metadata":{"emulator":{"name":"hosting"},"message":"Local server: \u001b[4m\u001b[1mhttp://localhost:5000\u001b[22m\u001b[24m"}}
[debug] [2021-04-13T22:30:41.825Z] Ignoring unsupported arg: auto_download {"metadata":{"emulator":{"name":"ui"},"message":"Ignoring unsupported arg: auto_download"}}
[debug] [2021-04-13T22:30:41.825Z] Ignoring unsupported arg: port {"metadata":{"emulator":{"name":"ui"},"message":"Ignoring unsupported arg: port"}}
[debug] [2021-04-13T22:30:41.825Z] Starting Emulator UI with command {"binary":"node","args":["/home/ed/.cache/firebase/emulators/ui-v1.4.2/server.bundle.js"],"optionalArgs":[],"joinArgs":false} {"metadata":{"emulator":{"name":"ui"},"message":"Starting Emulator UI with command {\"binary\":\"node\",\"args\":[\"/home/ed/.cache/firebase/emulators/ui-v1.4.2/server.bundle.js\"],\"optionalArgs\":[],\"joinArgs\":false}"}}
[info] i  ui: Emulator UI logging to ui-debug.log {"metadata":{"emulator":{"name":"ui"},"message":"Emulator UI logging to \u001b[1mui-debug.log\u001b[22m"}}
[debug] [2021-04-13T22:30:41.978Z] Web / API server started at http://localhost:4000
 {"metadata":{"emulator":{"name":"ui"},"message":"Web / API server started at http://localhost:4000\n"}}
[info] i  functions: Watching "/home/ed/Documents/reactjs/amazon-clone/functions" for Cloud Functions... {"metadata":{"emulator":{"name":"functions"},"message":"Watching \"/home/ed/Documents/reactjs/amazon-clone/functions\" for Cloud Functions..."}}
[debug] [2021-04-13T22:30:42.113Z] [worker-pool] addWorker(~diagnostic~) {"metadata":{"emulator":{"name":"functions"},"message":"[worker-pool] addWorker(~diagnostic~)"}}
[debug] [2021-04-13T22:30:42.113Z] [worker-pool] Adding worker with key ~diagnostic~, total=1 {"metadata":{"emulator":{"name":"functions"},"message":"[worker-pool] Adding worker with key ~diagnostic~, total=1"}}
[debug] [2021-04-13T22:30:42.113Z] [worker-pool] submitWork(triggerId=) {"metadata":{"emulator":{"name":"functions"},"message":"[worker-pool] submitWork(triggerId=)"}}
[debug] [2021-04-13T22:30:42.114Z] [worker-~diagnostic~-effa7952-177f-4cde-8403-72eba99c44c9]: Assigning socketPath: /tmp/fire_emu_41847.sock {"metadata":{"emulator":{"name":"functions"},"message":"[worker-~diagnostic~-effa7952-177f-4cde-8403-72eba99c44c9]: Assigning socketPath: /tmp/fire_emu_41847.sock"}}
[debug] [2021-04-13T22:30:42.114Z] [worker-~diagnostic~-effa7952-177f-4cde-8403-72eba99c44c9]: BUSY {"metadata":{"emulator":{"name":"functions"},"message":"[worker-~diagnostic~-effa7952-177f-4cde-8403-72eba99c44c9]: BUSY"}}
[debug] [2021-04-13T22:30:42.298Z] [runtime-status] [41847] Functions runtime initialized. {"cwd":"/home/ed/Documents/reactjs/amazon-clone/functions","node_version":"14.16.1"} {"metadata":{"emulator":{"name":"functions"},"message":"[runtime-status] [41847] Functions runtime initialized. {\"cwd\":\"/home/ed/Documents/reactjs/amazon-clone/functions\",\"node_version\":\"14.16.1\"}"}}
[debug] [2021-04-13T22:30:42.299Z] [runtime-status] [41847] Disabled runtime features: undefined {"metadata":{"emulator":{"name":"functions"},"message":"[runtime-status] [41847] Disabled runtime features: undefined"}}
[debug] [2021-04-13T22:30:42.401Z] [runtime-status] [41847] Resolved module firebase-admin {"declared":true,"installed":true,"version":"9.6.0","resolution":"/home/ed/Documents/reactjs/amazon-clone/functions/node_modules/firebase-admin/lib/index.js"} {"metadata":{"emulator":{"name":"functions"},"message":"[runtime-status] [41847] Resolved module firebase-admin {\"declared\":true,\"installed\":true,\"version\":\"9.6.0\",\"resolution\":\"/home/ed/Documents/reactjs/amazon-clone/functions/node_modules/firebase-admin/lib/index.js\"}"}}
[debug] [2021-04-13T22:30:42.471Z] [runtime-status] [41847] Resolved module firebase-functions {"declared":true,"installed":true,"version":"3.13.2","resolution":"/home/ed/Documents/reactjs/amazon-clone/functions/node_modules/firebase-functions/lib/index.js"} {"metadata":{"emulator":{"name":"functions"},"message":"[runtime-status] [41847] Resolved module firebase-functions {\"declared\":true,\"installed\":true,\"version\":\"3.13.2\",\"resolution\":\"/home/ed/Documents/reactjs/amazon-clone/functions/node_modules/firebase-functions/lib/index.js\"}"}}
[debug] [2021-04-13T22:30:42.573Z] [runtime-status] [41847] Resolved module firebase-functions {"declared":true,"installed":true,"version":"3.13.2","resolution":"/home/ed/Documents/reactjs/amazon-clone/functions/node_modules/firebase-functions/lib/index.js"} {"metadata":{"emulator":{"name":"functions"},"message":"[runtime-status] [41847] Resolved module firebase-functions {\"declared\":true,\"installed\":true,\"version\":\"3.13.2\",\"resolution\":\"/home/ed/Documents/reactjs/amazon-clone/functions/node_modules/firebase-functions/lib/index.js\"}"}}
[debug] [2021-04-13T22:30:42.590Z] [runtime-status] [41847] Outgoing network have been stubbed. [{"name":"http","status":"mocked"},{"name":"http","status":"mocked"},{"name":"https","status":"mocked"},{"name":"https","status":"mocked"},{"name":"net","status":"mocked"}] {"metadata":{"emulator":{"name":"functions"},"message":"[runtime-status] [41847] Outgoing network have been stubbed. [{\"name\":\"http\",\"status\":\"mocked\"},{\"name\":\"http\",\"status\":\"mocked\"},{\"name\":\"https\",\"status\":\"mocked\"},{\"name\":\"https\",\"status\":\"mocked\"},{\"name\":\"net\",\"status\":\"mocked\"}]"}}
[debug] [2021-04-13T22:30:42.591Z] [runtime-status] [41847] Resolved module firebase-functions {"declared":true,"installed":true,"version":"3.13.2","resolution":"/home/ed/Documents/reactjs/amazon-clone/functions/node_modules/firebase-functions/lib/index.js"} {"metadata":{"emulator":{"name":"functions"},"message":"[runtime-status] [41847] Resolved module firebase-functions {\"declared\":true,\"installed\":true,\"version\":\"3.13.2\",\"resolution\":\"/home/ed/Documents/reactjs/amazon-clone/functions/node_modules/firebase-functions/lib/index.js\"}"}}
[debug] [2021-04-13T22:30:43.377Z] [runtime-status] [41847] Checked functions.config() {"config":{}} {"metadata":{"emulator":{"name":"functions"},"message":"[runtime-status] [41847] Checked functions.config() {\"config\":{}}"}}
[debug] [2021-04-13T22:30:43.377Z] [runtime-status] [41847] firebase-functions has been stubbed. {"functionsResolution":{"declared":true,"installed":true,"version":"3.13.2","resolution":"/home/ed/Documents/reactjs/amazon-clone/functions/node_modules/firebase-functions/lib/index.js"}} {"metadata":{"emulator":{"name":"functions"},"message":"[runtime-status] [41847] firebase-functions has been stubbed. {\"functionsResolution\":{\"declared\":true,\"installed\":true,\"version\":\"3.13.2\",\"resolution\":\"/home/ed/Documents/reactjs/amazon-clone/functions/node_modules/firebase-functions/lib/index.js\"}}"}}
[debug] [2021-04-13T22:30:43.378Z] [runtime-status] [41847] Resolved module firebase-functions {"declared":true,"installed":true,"version":"3.13.2","resolution":"/home/ed/Documents/reactjs/amazon-clone/functions/node_modules/firebase-functions/lib/index.js"} {"metadata":{"emulator":{"name":"functions"},"message":"[runtime-status] [41847] Resolved module firebase-functions {\"declared\":true,\"installed\":true,\"version\":\"3.13.2\",\"resolution\":\"/home/ed/Documents/reactjs/amazon-clone/functions/node_modules/firebase-functions/lib/index.js\"}"}}
[debug] [2021-04-13T22:30:43.381Z] [runtime-status] [41847] Resolved module firebase-admin {"declared":true,"installed":true,"version":"9.6.0","resolution":"/home/ed/Documents/reactjs/amazon-clone/functions/node_modules/firebase-admin/lib/index.js"} {"metadata":{"emulator":{"name":"functions"},"message":"[runtime-status] [41847] Resolved module firebase-admin {\"declared\":true,\"installed\":true,\"version\":\"9.6.0\",\"resolution\":\"/home/ed/Documents/reactjs/amazon-clone/functions/node_modules/firebase-admin/lib/index.js\"}"}}
[debug] [2021-04-13T22:30:43.381Z] [runtime-status] [41847] Resolved module firebase-functions {"declared":true,"installed":true,"version":"3.13.2","resolution":"/home/ed/Documents/reactjs/amazon-clone/functions/node_modules/firebase-functions/lib/index.js"} {"metadata":{"emulator":{"name":"functions"},"message":"[runtime-status] [41847] Resolved module firebase-functions {\"declared\":true,\"installed\":true,\"version\":\"3.13.2\",\"resolution\":\"/home/ed/Documents/reactjs/amazon-clone/functions/node_modules/firebase-functions/lib/index.js\"}"}}
[debug] [2021-04-13T22:30:43.381Z] [runtime-status] [41847] firebase-admin has been stubbed. {"adminResolution":{"declared":true,"installed":true,"version":"9.6.0","resolution":"/home/ed/Documents/reactjs/amazon-clone/functions/node_modules/firebase-admin/lib/index.js"}} {"metadata":{"emulator":{"name":"functions"},"message":"[runtime-status] [41847] firebase-admin has been stubbed. {\"adminResolution\":{\"declared\":true,\"installed\":true,\"version\":\"9.6.0\",\"resolution\":\"/home/ed/Documents/reactjs/amazon-clone/functions/node_modules/firebase-admin/lib/index.js\"}}"}}
[info] ✔  functions[api]: http function initialized (http://localhost:5001/clone-7ec17/us-central1/api). {"metadata":{"emulator":{"name":"functions"},"message":"\u001b[1mhttp\u001b[22m function initialized (http://localhost:5001/clone-7ec17/us-central1/api)."}}
[info] 
┌─────────────────────────────────────────────────────────────┐
│ ✔  All emulators ready! It is now safe to connect your app. │
│ i  View Emulator UI at http://localhost:4000                │
└─────────────────────────────────────────────────────────────┘

┌───────────┬────────────────┬─────────────────────────────────┐
│ Emulator  │ Host:Port      │ View in Emulator UI             │
├───────────┼────────────────┼─────────────────────────────────┤
│ Functions │ localhost:5001 │ http://localhost:4000/functions │
├───────────┼────────────────┼─────────────────────────────────┤
│ Hosting   │ localhost:5000 │ n/a                             │
└───────────┴────────────────┴─────────────────────────────────┘
  Emulator Hub running at localhost:4400
  Other reserved ports: 4500

Issues? Report them at https://github.com/firebase/firebase-tools/issues and attach the *-debug.log files.
 
[debug] [2021-04-13T22:30:46.389Z] [worker-~diagnostic~-effa7952-177f-4cde-8403-72eba99c44c9]: IDLE {"metadata":{"emulator":{"name":"functions"},"message":"[worker-~diagnostic~-effa7952-177f-4cde-8403-72eba99c44c9]: IDLE"}}
[debug] [2021-04-13T22:31:05.634Z] [work-queue] {"queueLength":1,"workRunningCount":0}
[debug] [2021-04-13T22:31:05.635Z] [work-queue] {"queueLength":0,"workRunningCount":1}
[debug] [2021-04-13T22:31:05.636Z] Accepted request POST /clone-7ec17/us-central1/api/payments/create?total=17598 --> api
[debug] [2021-04-13T22:31:05.645Z] [worker-pool] addWorker(api) {"metadata":{"emulator":{"name":"functions"},"message":"[worker-pool] addWorker(api)"}}
[debug] [2021-04-13T22:31:05.645Z] [worker-pool] Adding worker with key api, total=1 {"metadata":{"emulator":{"name":"functions"},"message":"[worker-pool] Adding worker with key api, total=1"}}
[debug] [2021-04-13T22:31:05.646Z] [worker-pool] submitWork(triggerId=api) {"metadata":{"emulator":{"name":"functions"},"message":"[worker-pool] submitWork(triggerId=api)"}}
[debug] [2021-04-13T22:31:05.646Z] [worker-api-feb9752c-19ce-4909-8663-cee086499180]: Assigning socketPath: /tmp/fire_emu_41949.sock {"metadata":{"emulator":{"name":"functions"},"message":"[worker-api-feb9752c-19ce-4909-8663-cee086499180]: Assigning socketPath: /tmp/fire_emu_41949.sock"}}
[debug] [2021-04-13T22:31:05.646Z] [worker-api-feb9752c-19ce-4909-8663-cee086499180]: BUSY {"metadata":{"emulator":{"name":"functions"},"message":"[worker-api-feb9752c-19ce-4909-8663-cee086499180]: BUSY"}}
[debug] [2021-04-13T22:31:05.898Z] [runtime-status] [41949] Functions runtime initialized. {"cwd":"/home/ed/Documents/reactjs/amazon-clone/functions","node_version":"14.16.1"} {"metadata":{"emulator":{"name":"functions"},"function":{"name":"api"},"message":"[runtime-status] [41949] Functions runtime initialized. {\"cwd\":\"/home/ed/Documents/reactjs/amazon-clone/functions\",\"node_version\":\"14.16.1\"}"}}
[debug] [2021-04-13T22:31:05.903Z] [runtime-status] [41949] Disabled runtime features: undefined {"metadata":{"emulator":{"name":"functions"},"function":{"name":"api"},"message":"[runtime-status] [41949] Disabled runtime features: undefined"}}
[debug] [2021-04-13T22:31:05.908Z] [runtime-status] [41949] Resolved module firebase-admin {"declared":true,"installed":true,"version":"9.6.0","resolution":"/home/ed/Documents/reactjs/amazon-clone/functions/node_modules/firebase-admin/lib/index.js"} {"metadata":{"emulator":{"name":"functions"},"function":{"name":"api"},"message":"[runtime-status] [41949] Resolved module firebase-admin {\"declared\":true,\"installed\":true,\"version\":\"9.6.0\",\"resolution\":\"/home/ed/Documents/reactjs/amazon-clone/functions/node_modules/firebase-admin/lib/index.js\"}"}}
[debug] [2021-04-13T22:31:05.912Z] [runtime-status] [41949] Resolved module firebase-functions {"declared":true,"installed":true,"version":"3.13.2","resolution":"/home/ed/Documents/reactjs/amazon-clone/functions/node_modules/firebase-functions/lib/index.js"} {"metadata":{"emulator":{"name":"functions"},"function":{"name":"api"},"message":"[runtime-status] [41949] Resolved module firebase-functions {\"declared\":true,\"installed\":true,\"version\":\"3.13.2\",\"resolution\":\"/home/ed/Documents/reactjs/amazon-clone/functions/node_modules/firebase-functions/lib/index.js\"}"}}
[debug] [2021-04-13T22:31:05.913Z] [runtime-status] [41949] Resolved module firebase-functions {"declared":true,"installed":true,"version":"3.13.2","resolution":"/home/ed/Documents/reactjs/amazon-clone/functions/node_modules/firebase-functions/lib/index.js"} {"metadata":{"emulator":{"name":"functions"},"function":{"name":"api"},"message":"[runtime-status] [41949] Resolved module firebase-functions {\"declared\":true,\"installed\":true,\"version\":\"3.13.2\",\"resolution\":\"/home/ed/Documents/reactjs/amazon-clone/functions/node_modules/firebase-functions/lib/index.js\"}"}}
[debug] [2021-04-13T22:31:05.924Z] [runtime-status] [41949] Outgoing network have been stubbed. [{"name":"http","status":"mocked"},{"name":"http","status":"mocked"},{"name":"https","status":"mocked"},{"name":"https","status":"mocked"},{"name":"net","status":"mocked"}] {"metadata":{"emulator":{"name":"functions"},"function":{"name":"api"},"message":"[runtime-status] [41949] Outgoing network have been stubbed. [{\"name\":\"http\",\"status\":\"mocked\"},{\"name\":\"http\",\"status\":\"mocked\"},{\"name\":\"https\",\"status\":\"mocked\"},{\"name\":\"https\",\"status\":\"mocked\"},{\"name\":\"net\",\"status\":\"mocked\"}]"}}
[debug] [2021-04-13T22:31:05.925Z] [runtime-status] [41949] Resolved module firebase-functions {"declared":true,"installed":true,"version":"3.13.2","resolution":"/home/ed/Documents/reactjs/amazon-clone/functions/node_modules/firebase-functions/lib/index.js"} {"metadata":{"emulator":{"name":"functions"},"function":{"name":"api"},"message":"[runtime-status] [41949] Resolved module firebase-functions {\"declared\":true,\"installed\":true,\"version\":\"3.13.2\",\"resolution\":\"/home/ed/Documents/reactjs/amazon-clone/functions/node_modules/firebase-functions/lib/index.js\"}"}}
[debug] [2021-04-13T22:31:05.976Z] [runtime-status] [41949] Checked functions.config() {"config":{}} {"metadata":{"emulator":{"name":"functions"},"function":{"name":"api"},"message":"[runtime-status] [41949] Checked functions.config() {\"config\":{}}"}}
[debug] [2021-04-13T22:31:05.977Z] [runtime-status] [41949] firebase-functions has been stubbed. {"functionsResolution":{"declared":true,"installed":true,"version":"3.13.2","resolution":"/home/ed/Documents/reactjs/amazon-clone/functions/node_modules/firebase-functions/lib/index.js"}} {"metadata":{"emulator":{"name":"functions"},"function":{"name":"api"},"message":"[runtime-status] [41949] firebase-functions has been stubbed. {\"functionsResolution\":{\"declared\":true,\"installed\":true,\"version\":\"3.13.2\",\"resolution\":\"/home/ed/Documents/reactjs/amazon-clone/functions/node_modules/firebase-functions/lib/index.js\"}}"}}
[debug] [2021-04-13T22:31:05.977Z] [runtime-status] [41949] Resolved module firebase-functions {"declared":true,"installed":true,"version":"3.13.2","resolution":"/home/ed/Documents/reactjs/amazon-clone/functions/node_modules/firebase-functions/lib/index.js"} {"metadata":{"emulator":{"name":"functions"},"function":{"name":"api"},"message":"[runtime-status] [41949] Resolved module firebase-functions {\"declared\":true,\"installed\":true,\"version\":\"3.13.2\",\"resolution\":\"/home/ed/Documents/reactjs/amazon-clone/functions/node_modules/firebase-functions/lib/index.js\"}"}}
[debug] [2021-04-13T22:31:05.977Z] [runtime-status] [41949] Resolved module firebase-admin {"declared":true,"installed":true,"version":"9.6.0","resolution":"/home/ed/Documents/reactjs/amazon-clone/functions/node_modules/firebase-admin/lib/index.js"} {"metadata":{"emulator":{"name":"functions"},"function":{"name":"api"},"message":"[runtime-status] [41949] Resolved module firebase-admin {\"declared\":true,\"installed\":true,\"version\":\"9.6.0\",\"resolution\":\"/home/ed/Documents/reactjs/amazon-clone/functions/node_modules/firebase-admin/lib/index.js\"}"}}
[debug] [2021-04-13T22:31:05.977Z] [runtime-status] [41949] Resolved module firebase-functions {"declared":true,"installed":true,"version":"3.13.2","resolution":"/home/ed/Documents/reactjs/amazon-clone/functions/node_modules/firebase-functions/lib/index.js"} {"metadata":{"emulator":{"name":"functions"},"function":{"name":"api"},"message":"[runtime-status] [41949] Resolved module firebase-functions {\"declared\":true,\"installed\":true,\"version\":\"3.13.2\",\"resolution\":\"/home/ed/Documents/reactjs/amazon-clone/functions/node_modules/firebase-functions/lib/index.js\"}"}}
[debug] [2021-04-13T22:31:05.977Z] [runtime-status] [41949] firebase-admin has been stubbed. {"adminResolution":{"declared":true,"installed":true,"version":"9.6.0","resolution":"/home/ed/Documents/reactjs/amazon-clone/functions/node_modules/firebase-admin/lib/index.js"}} {"metadata":{"emulator":{"name":"functions"},"function":{"name":"api"},"message":"[runtime-status] [41949] firebase-admin has been stubbed. {\"adminResolution\":{\"declared\":true,\"installed\":true,\"version\":\"9.6.0\",\"resolution\":\"/home/ed/Documents/reactjs/amazon-clone/functions/node_modules/firebase-admin/lib/index.js\"}}"}}
[debug] [2021-04-13T22:31:06.135Z] [runtime-status] [41949] Trigger "api" has been found, beginning invocation! {"metadata":{"emulator":{"name":"functions"},"function":{"name":"api"},"message":"[runtime-status] [41949] Trigger \"api\" has been found, beginning invocation!"}}
[info] i  functions: Beginning execution of "api" {"metadata":{"emulator":{"name":"functions"},"function":{"name":"api"},"message":"Beginning execution of \"api\""}}
[debug] [2021-04-13T22:31:06.136Z] [runtime-status] [41949] triggerDefinition {"httpsTrigger":{},"name":"api","entryPoint":"api"} {"metadata":{"emulator":{"name":"functions"},"function":{"name":"api"},"message":"[runtime-status] [41949] triggerDefinition {\"httpsTrigger\":{},\"name\":\"api\",\"entryPoint\":\"api\"}"}}
[debug] [2021-04-13T22:31:06.136Z] [runtime-status] [41949] Running api in mode HTTPS {"metadata":{"emulator":{"name":"functions"},"function":{"name":"api"},"message":"[runtime-status] [41949] Running api in mode HTTPS"}}
[debug] [2021-04-13T22:31:06.142Z] [runtime-status] [41949] Attempting to listen to socketPath: /tmp/fire_emu_41949.sock {"metadata":{"emulator":{"name":"functions"},"function":{"name":"api"},"message":"[runtime-status] [41949] Attempting to listen to socketPath: /tmp/fire_emu_41949.sock"}}
[debug] [2021-04-13T22:31:06.148Z] [functions] Runtime ready! Sending request! {"metadata":{"emulator":{"name":"functions"},"message":"[functions] Runtime ready! Sending request!"}}
[debug] [2021-04-13T22:31:06.154Z] [functions] Got req.url=/clone-7ec17/us-central1/api/payments/create?total=17598, mapping to path=/payments/create?total=17598 {"metadata":{"emulator":{"name":"functions"},"message":"[functions] Got req.url=/clone-7ec17/us-central1/api/payments/create?total=17598, mapping to path=/payments/create?total=17598"}}
[debug] [2021-04-13T22:31:06.390Z] [runtime-status] [41949] Ephemeral server handling POST request {"metadata":{"emulator":{"name":"functions"},"function":{"name":"api"},"message":"[runtime-status] [41949] Ephemeral server handling POST request"}}
[debug] [2021-04-13T22:31:06.402Z] [runtime-status] [41949] Ephemeral server survived. {"metadata":{"emulator":{"name":"functions"},"function":{"name":"api"},"message":"[runtime-status] [41949] Ephemeral server survived."}}
[info] i  functions: Finished "api" in ~16s {"metadata":{"emulator":{"name":"functions"},"function":{"name":"api"},"message":"Finished \"api\" in ~16s"}}
[debug] [2021-04-13T22:31:22.773Z] [worker-api-feb9752c-19ce-4909-8663-cee086499180]: IDLE {"metadata":{"emulator":{"name":"functions"},"message":"[worker-api-feb9752c-19ce-4909-8663-cee086499180]: IDLE"}}
[debug] [2021-04-13T22:31:22.773Z] [work-queue] {"queueLength":0,"workRunningCount":0}
[debug] [2021-04-13T22:34:17.894Z] [work-queue] {"queueLength":1,"workRunningCount":0}
[debug] [2021-04-13T22:34:17.894Z] [work-queue] {"queueLength":0,"workRunningCount":1}
[debug] [2021-04-13T22:34:17.894Z] Accepted request POST /clone-7ec17/us-central1/api/payments/create?total=17598 --> api
[debug] [2021-04-13T22:34:17.895Z] [worker-pool] submitWork(triggerId=api) {"metadata":{"emulator":{"name":"functions"},"message":"[worker-pool] submitWork(triggerId=api)"}}
[debug] [2021-04-13T22:34:17.895Z] [worker-api-feb9752c-19ce-4909-8663-cee086499180]: Assigning socketPath: /tmp/fire_emu_41949.sock {"metadata":{"emulator":{"name":"functions"},"message":"[worker-api-feb9752c-19ce-4909-8663-cee086499180]: Assigning socketPath: /tmp/fire_emu_41949.sock"}}
[debug] [2021-04-13T22:34:17.895Z] [worker-api-feb9752c-19ce-4909-8663-cee086499180]: BUSY {"metadata":{"emulator":{"name":"functions"},"message":"[worker-api-feb9752c-19ce-4909-8663-cee086499180]: BUSY"}}
[debug] [2021-04-13T22:34:17.898Z] [runtime-status] [41949] Trigger "api" has been found, beginning invocation! {"metadata":{"emulator":{"name":"functions"},"function":{"name":"api"},"message":"[runtime-status] [41949] Trigger \"api\" has been found, beginning invocation!"}}
[info] i  functions: Beginning execution of "api" {"metadata":{"emulator":{"name":"functions"},"function":{"name":"api"},"message":"Beginning execution of \"api\""}}
[debug] [2021-04-13T22:34:17.898Z] [runtime-status] [41949] triggerDefinition {"httpsTrigger":{},"name":"api","entryPoint":"api"} {"metadata":{"emulator":{"name":"functions"},"function":{"name":"api"},"message":"[runtime-status] [41949] triggerDefinition {\"httpsTrigger\":{},\"name\":\"api\",\"entryPoint\":\"api\"}"}}
[debug] [2021-04-13T22:34:17.899Z] [runtime-status] [41949] Running api in mode HTTPS {"metadata":{"emulator":{"name":"functions"},"function":{"name":"api"},"message":"[runtime-status] [41949] Running api in mode HTTPS"}}
[debug] [2021-04-13T22:34:17.899Z] [runtime-status] [41949] Attempting to listen to socketPath: /tmp/fire_emu_41949.sock {"metadata":{"emulator":{"name":"functions"},"function":{"name":"api"},"message":"[runtime-status] [41949] Attempting to listen to socketPath: /tmp/fire_emu_41949.sock"}}
[debug] [2021-04-13T22:34:17.900Z] [functions] Runtime ready! Sending request! {"metadata":{"emulator":{"name":"functions"},"message":"[functions] Runtime ready! Sending request!"}}
[debug] [2021-04-13T22:34:17.900Z] [functions] Got req.url=/clone-7ec17/us-central1/api/payments/create?total=17598, mapping to path=/payments/create?total=17598 {"metadata":{"emulator":{"name":"functions"},"message":"[functions] Got req.url=/clone-7ec17/us-central1/api/payments/create?total=17598, mapping to path=/payments/create?total=17598"}}
[debug] [2021-04-13T22:34:17.905Z] [runtime-status] [41949] Ephemeral server handling POST request {"metadata":{"emulator":{"name":"functions"},"function":{"name":"api"},"message":"[runtime-status] [41949] Ephemeral server handling POST request"}}
[debug] [2021-04-13T22:34:17.908Z] [runtime-status] [41949] Ephemeral server survived. {"metadata":{"emulator":{"name":"functions"},"function":{"name":"api"},"message":"[runtime-status] [41949] Ephemeral server survived."}}
[info] i  functions: Finished "api" in ~16s {"metadata":{"emulator":{"name":"functions"},"function":{"name":"api"},"message":"Finished \"api\" in ~16s"}}
[debug] [2021-04-13T22:34:34.083Z] [worker-api-feb9752c-19ce-4909-8663-cee086499180]: IDLE {"metadata":{"emulator":{"name":"functions"},"message":"[worker-api-feb9752c-19ce-4909-8663-cee086499180]: IDLE"}}
[debug] [2021-04-13T22:34:34.083Z] [work-queue] {"queueLength":0,"workRunningCount":0}
[debug] [2021-04-13T22:34:47.589Z] [work-queue] {"queueLength":1,"workRunningCount":0}
[debug] [2021-04-13T22:34:47.589Z] [work-queue] {"queueLength":0,"workRunningCount":1}
[debug] [2021-04-13T22:34:47.589Z] Accepted request POST /clone-7ec17/us-central1/api/payments/create?total=40498 --> api
[debug] [2021-04-13T22:34:47.590Z] [worker-pool] submitWork(triggerId=api) {"metadata":{"emulator":{"name":"functions"},"message":"[worker-pool] submitWork(triggerId=api)"}}
[debug] [2021-04-13T22:34:47.590Z] [worker-api-feb9752c-19ce-4909-8663-cee086499180]: Assigning socketPath: /tmp/fire_emu_41949.sock {"metadata":{"emulator":{"name":"functions"},"message":"[worker-api-feb9752c-19ce-4909-8663-cee086499180]: Assigning socketPath: /tmp/fire_emu_41949.sock"}}
[debug] [2021-04-13T22:34:47.590Z] [worker-api-feb9752c-19ce-4909-8663-cee086499180]: BUSY {"metadata":{"emulator":{"name":"functions"},"message":"[worker-api-feb9752c-19ce-4909-8663-cee086499180]: BUSY"}}
[debug] [2021-04-13T22:34:47.592Z] [runtime-status] [41949] Trigger "api" has been found, beginning invocation! {"metadata":{"emulator":{"name":"functions"},"function":{"name":"api"},"message":"[runtime-status] [41949] Trigger \"api\" has been found, beginning invocation!"}}
[info] i  functions: Beginning execution of "api" {"metadata":{"emulator":{"name":"functions"},"function":{"name":"api"},"message":"Beginning execution of \"api\""}}
[debug] [2021-04-13T22:34:47.593Z] [runtime-status] [41949] triggerDefinition {"httpsTrigger":{},"name":"api","entryPoint":"api"} {"metadata":{"emulator":{"name":"functions"},"function":{"name":"api"},"message":"[runtime-status] [41949] triggerDefinition {\"httpsTrigger\":{},\"name\":\"api\",\"entryPoint\":\"api\"}"}}
[debug] [2021-04-13T22:34:47.593Z] [runtime-status] [41949] Running api in mode HTTPS {"metadata":{"emulator":{"name":"functions"},"function":{"name":"api"},"message":"[runtime-status] [41949] Running api in mode HTTPS"}}
[debug] [2021-04-13T22:34:47.593Z] [runtime-status] [41949] Attempting to listen to socketPath: /tmp/fire_emu_41949.sock {"metadata":{"emulator":{"name":"functions"},"function":{"name":"api"},"message":"[runtime-status] [41949] Attempting to listen to socketPath: /tmp/fire_emu_41949.sock"}}
[debug] [2021-04-13T22:34:47.595Z] [functions] Runtime ready! Sending request! {"metadata":{"emulator":{"name":"functions"},"message":"[functions] Runtime ready! Sending request!"}}
[debug] [2021-04-13T22:34:47.595Z] [functions] Got req.url=/clone-7ec17/us-central1/api/payments/create?total=40498, mapping to path=/payments/create?total=40498 {"metadata":{"emulator":{"name":"functions"},"message":"[functions] Got req.url=/clone-7ec17/us-central1/api/payments/create?total=40498, mapping to path=/payments/create?total=40498"}}
[debug] [2021-04-13T22:34:47.602Z] [runtime-status] [41949] Ephemeral server handling POST request {"metadata":{"emulator":{"name":"functions"},"function":{"name":"api"},"message":"[runtime-status] [41949] Ephemeral server handling POST request"}}
[debug] [2021-04-13T22:34:47.606Z] [runtime-status] [41949] Ephemeral server survived. {"metadata":{"emulator":{"name":"functions"},"function":{"name":"api"},"message":"[runtime-status] [41949] Ephemeral server survived."}}
[info] i  functions: Finished "api" in ~1s {"metadata":{"emulator":{"name":"functions"},"function":{"name":"api"},"message":"Finished \"api\" in ~1s"}}
[debug] [2021-04-13T22:34:48.197Z] [worker-api-feb9752c-19ce-4909-8663-cee086499180]: IDLE {"metadata":{"emulator":{"name":"functions"},"message":"[worker-api-feb9752c-19ce-4909-8663-cee086499180]: IDLE"}}
[debug] [2021-04-13T22:34:48.198Z] [work-queue] {"queueLength":0,"workRunningCount":0}
[debug] [2021-04-13T22:36:43.546Z] [work-queue] {"queueLength":1,"workRunningCount":0}
[debug] [2021-04-13T22:36:43.546Z] [work-queue] {"queueLength":0,"workRunningCount":1}
[debug] [2021-04-13T22:36:43.547Z] Accepted request POST /clone-7ec17/us-central1/api/payments/create?total=40498 --> api
[debug] [2021-04-13T22:36:43.547Z] [worker-pool] submitWork(triggerId=api) {"metadata":{"emulator":{"name":"functions"},"message":"[worker-pool] submitWork(triggerId=api)"}}
[debug] [2021-04-13T22:36:43.547Z] [worker-api-feb9752c-19ce-4909-8663-cee086499180]: Assigning socketPath: /tmp/fire_emu_41949.sock {"metadata":{"emulator":{"name":"functions"},"message":"[worker-api-feb9752c-19ce-4909-8663-cee086499180]: Assigning socketPath: /tmp/fire_emu_41949.sock"}}
[debug] [2021-04-13T22:36:43.547Z] [worker-api-feb9752c-19ce-4909-8663-cee086499180]: BUSY {"metadata":{"emulator":{"name":"functions"},"message":"[worker-api-feb9752c-19ce-4909-8663-cee086499180]: BUSY"}}
[debug] [2021-04-13T22:36:43.549Z] [runtime-status] [41949] Trigger "api" has been found, beginning invocation! {"metadata":{"emulator":{"name":"functions"},"function":{"name":"api"},"message":"[runtime-status] [41949] Trigger \"api\" has been found, beginning invocation!"}}
[info] i  functions: Beginning execution of "api" {"metadata":{"emulator":{"name":"functions"},"function":{"name":"api"},"message":"Beginning execution of \"api\""}}
[debug] [2021-04-13T22:36:43.550Z] [runtime-status] [41949] triggerDefinition {"httpsTrigger":{},"name":"api","entryPoint":"api"} {"metadata":{"emulator":{"name":"functions"},"function":{"name":"api"},"message":"[runtime-status] [41949] triggerDefinition {\"httpsTrigger\":{},\"name\":\"api\",\"entryPoint\":\"api\"}"}}
[debug] [2021-04-13T22:36:43.550Z] [runtime-status] [41949] Running api in mode HTTPS {"metadata":{"emulator":{"name":"functions"},"function":{"name":"api"},"message":"[runtime-status] [41949] Running api in mode HTTPS"}}
[debug] [2021-04-13T22:36:43.550Z] [runtime-status] [41949] Attempting to listen to socketPath: /tmp/fire_emu_41949.sock {"metadata":{"emulator":{"name":"functions"},"function":{"name":"api"},"message":"[runtime-status] [41949] Attempting to listen to socketPath: /tmp/fire_emu_41949.sock"}}
[debug] [2021-04-13T22:36:43.553Z] [functions] Runtime ready! Sending request! {"metadata":{"emulator":{"name":"functions"},"message":"[functions] Runtime ready! Sending request!"}}
[debug] [2021-04-13T22:36:43.554Z] [functions] Got req.url=/clone-7ec17/us-central1/api/payments/create?total=40498, mapping to path=/payments/create?total=40498 {"metadata":{"emulator":{"name":"functions"},"message":"[functions] Got req.url=/clone-7ec17/us-central1/api/payments/create?total=40498, mapping to path=/payments/create?total=40498"}}
[debug] [2021-04-13T22:36:43.562Z] [runtime-status] [41949] Ephemeral server handling POST request {"metadata":{"emulator":{"name":"functions"},"function":{"name":"api"},"message":"[runtime-status] [41949] Ephemeral server handling POST request"}}
[debug] [2021-04-13T22:36:43.564Z] [runtime-status] [41949] Ephemeral server survived. {"metadata":{"emulator":{"name":"functions"},"function":{"name":"api"},"message":"[runtime-status] [41949] Ephemeral server survived."}}
[info] i  functions: Finished "api" in ~16s {"metadata":{"emulator":{"name":"functions"},"function":{"name":"api"},"message":"Finished \"api\" in ~16s"}}
[debug] [2021-04-13T22:36:59.825Z] [worker-api-feb9752c-19ce-4909-8663-cee086499180]: IDLE {"metadata":{"emulator":{"name":"functions"},"message":"[worker-api-feb9752c-19ce-4909-8663-cee086499180]: IDLE"}}
[debug] [2021-04-13T22:36:59.827Z] [work-queue] {"queueLength":0,"workRunningCount":0}
[debug] [2021-04-13T22:37:02.878Z] [work-queue] {"queueLength":1,"workRunningCount":0}
[debug] [2021-04-13T22:37:02.878Z] [work-queue] {"queueLength":0,"workRunningCount":1}
[debug] [2021-04-13T22:37:02.878Z] Accepted request POST /clone-7ec17/us-central1/api/payments/create?total=132800 --> api
[debug] [2021-04-13T22:37:02.878Z] [worker-pool] submitWork(triggerId=api) {"metadata":{"emulator":{"name":"functions"},"message":"[worker-pool] submitWork(triggerId=api)"}}
[debug] [2021-04-13T22:37:02.879Z] [worker-api-feb9752c-19ce-4909-8663-cee086499180]: Assigning socketPath: /tmp/fire_emu_41949.sock {"metadata":{"emulator":{"name":"functions"},"message":"[worker-api-feb9752c-19ce-4909-8663-cee086499180]: Assigning socketPath: /tmp/fire_emu_41949.sock"}}
[debug] [2021-04-13T22:37:02.879Z] [worker-api-feb9752c-19ce-4909-8663-cee086499180]: BUSY {"metadata":{"emulator":{"name":"functions"},"message":"[worker-api-feb9752c-19ce-4909-8663-cee086499180]: BUSY"}}
[debug] [2021-04-13T22:37:02.881Z] [runtime-status] [41949] Trigger "api" has been found, beginning invocation! {"metadata":{"emulator":{"name":"functions"},"function":{"name":"api"},"message":"[runtime-status] [41949] Trigger \"api\" has been found, beginning invocation!"}}
[info] i  functions: Beginning execution of "api" {"metadata":{"emulator":{"name":"functions"},"function":{"name":"api"},"message":"Beginning execution of \"api\""}}
[debug] [2021-04-13T22:37:02.881Z] [runtime-status] [41949] triggerDefinition {"httpsTrigger":{},"name":"api","entryPoint":"api"} {"metadata":{"emulator":{"name":"functions"},"function":{"name":"api"},"message":"[runtime-status] [41949] triggerDefinition {\"httpsTrigger\":{},\"name\":\"api\",\"entryPoint\":\"api\"}"}}
[debug] [2021-04-13T22:37:02.881Z] [runtime-status] [41949] Running api in mode HTTPS {"metadata":{"emulator":{"name":"functions"},"function":{"name":"api"},"message":"[runtime-status] [41949] Running api in mode HTTPS"}}
[debug] [2021-04-13T22:37:02.882Z] [runtime-status] [41949] Attempting to listen to socketPath: /tmp/fire_emu_41949.sock {"metadata":{"emulator":{"name":"functions"},"function":{"name":"api"},"message":"[runtime-status] [41949] Attempting to listen to socketPath: /tmp/fire_emu_41949.sock"}}
[debug] [2021-04-13T22:37:02.883Z] [functions] Runtime ready! Sending request! {"metadata":{"emulator":{"name":"functions"},"message":"[functions] Runtime ready! Sending request!"}}
[debug] [2021-04-13T22:37:02.884Z] [functions] Got req.url=/clone-7ec17/us-central1/api/payments/create?total=132800, mapping to path=/payments/create?total=132800 {"metadata":{"emulator":{"name":"functions"},"message":"[functions] Got req.url=/clone-7ec17/us-central1/api/payments/create?total=132800, mapping to path=/payments/create?total=132800"}}
[debug] [2021-04-13T22:37:02.890Z] [runtime-status] [41949] Ephemeral server handling POST request {"metadata":{"emulator":{"name":"functions"},"function":{"name":"api"},"message":"[runtime-status] [41949] Ephemeral server handling POST request"}}
[debug] [2021-04-13T22:37:02.893Z] [runtime-status] [41949] Ephemeral server survived. {"metadata":{"emulator":{"name":"functions"},"function":{"name":"api"},"message":"[runtime-status] [41949] Ephemeral server survived."}}
[info] i  functions: Finished "api" in ~1s {"metadata":{"emulator":{"name":"functions"},"function":{"name":"api"},"message":"Finished \"api\" in ~1s"}}
[debug] [2021-04-13T22:37:03.526Z] [worker-api-feb9752c-19ce-4909-8663-cee086499180]: IDLE {"metadata":{"emulator":{"name":"functions"},"message":"[worker-api-feb9752c-19ce-4909-8663-cee086499180]: IDLE"}}
[debug] [2021-04-13T22:37:03.526Z] [work-queue] {"queueLength":0,"workRunningCount":0}
[debug] [2021-04-13T22:40:03.335Z] [work-queue] {"queueLength":1,"workRunningCount":0}
[debug] [2021-04-13T22:40:03.335Z] [work-queue] {"queueLength":0,"workRunningCount":1}
[debug] [2021-04-13T22:40:03.335Z] Accepted request POST /clone-7ec17/us-central1/api/payments/create?total=132800 --> api
[debug] [2021-04-13T22:40:03.336Z] [worker-pool] submitWork(triggerId=api) {"metadata":{"emulator":{"name":"functions"},"message":"[worker-pool] submitWork(triggerId=api)"}}
[debug] [2021-04-13T22:40:03.336Z] [worker-api-feb9752c-19ce-4909-8663-cee086499180]: Assigning socketPath: /tmp/fire_emu_41949.sock {"metadata":{"emulator":{"name":"functions"},"message":"[worker-api-feb9752c-19ce-4909-8663-cee086499180]: Assigning socketPath: /tmp/fire_emu_41949.sock"}}
[debug] [2021-04-13T22:40:03.336Z] [worker-api-feb9752c-19ce-4909-8663-cee086499180]: BUSY {"metadata":{"emulator":{"name":"functions"},"message":"[worker-api-feb9752c-19ce-4909-8663-cee086499180]: BUSY"}}
[debug] [2021-04-13T22:40:03.342Z] [runtime-status] [41949] Trigger "api" has been found, beginning invocation! {"metadata":{"emulator":{"name":"functions"},"function":{"name":"api"},"message":"[runtime-status] [41949] Trigger \"api\" has been found, beginning invocation!"}}
[info] i  functions: Beginning execution of "api" {"metadata":{"emulator":{"name":"functions"},"function":{"name":"api"},"message":"Beginning execution of \"api\""}}
[debug] [2021-04-13T22:40:03.342Z] [runtime-status] [41949] triggerDefinition {"httpsTrigger":{},"name":"api","entryPoint":"api"} {"metadata":{"emulator":{"name":"functions"},"function":{"name":"api"},"message":"[runtime-status] [41949] triggerDefinition {\"httpsTrigger\":{},\"name\":\"api\",\"entryPoint\":\"api\"}"}}
[debug] [2021-04-13T22:40:03.343Z] [runtime-status] [41949] Running api in mode HTTPS {"metadata":{"emulator":{"name":"functions"},"function":{"name":"api"},"message":"[runtime-status] [41949] Running api in mode HTTPS"}}
[debug] [2021-04-13T22:40:03.343Z] [runtime-status] [41949] Attempting to listen to socketPath: /tmp/fire_emu_41949.sock {"metadata":{"emulator":{"name":"functions"},"function":{"name":"api"},"message":"[runtime-status] [41949] Attempting to listen to socketPath: /tmp/fire_emu_41949.sock"}}
[debug] [2021-04-13T22:40:03.345Z] [functions] Runtime ready! Sending request! {"metadata":{"emulator":{"name":"functions"},"message":"[functions] Runtime ready! Sending request!"}}
[debug] [2021-04-13T22:40:03.346Z] [functions] Got req.url=/clone-7ec17/us-central1/api/payments/create?total=132800, mapping to path=/payments/create?total=132800 {"metadata":{"emulator":{"name":"functions"},"message":"[functions] Got req.url=/clone-7ec17/us-central1/api/payments/create?total=132800, mapping to path=/payments/create?total=132800"}}
[debug] [2021-04-13T22:40:03.354Z] [runtime-status] [41949] Ephemeral server handling POST request {"metadata":{"emulator":{"name":"functions"},"function":{"name":"api"},"message":"[runtime-status] [41949] Ephemeral server handling POST request"}}
[debug] [2021-04-13T22:40:03.357Z] [runtime-status] [41949] Ephemeral server survived. {"metadata":{"emulator":{"name":"functions"},"function":{"name":"api"},"message":"[runtime-status] [41949] Ephemeral server survived."}}
[info] i  functions: Finished "api" in ~16s {"metadata":{"emulator":{"name":"functions"},"function":{"name":"api"},"message":"Finished \"api\" in ~16s"}}
[debug] [2021-04-13T22:40:19.956Z] [worker-api-feb9752c-19ce-4909-8663-cee086499180]: IDLE {"metadata":{"emulator":{"name":"functions"},"message":"[worker-api-feb9752c-19ce-4909-8663-cee086499180]: IDLE"}}
[debug] [2021-04-13T22:40:19.957Z] [work-queue] {"queueLength":0,"workRunningCount":0}
[debug] [2021-04-13T22:40:46.306Z] [work-queue] {"queueLength":1,"workRunningCount":0}
[debug] [2021-04-13T22:40:46.306Z] [work-queue] {"queueLength":0,"workRunningCount":1}
[debug] [2021-04-13T22:40:46.307Z] Accepted request POST /clone-7ec17/us-central1/api/payments/create?total=25899 --> api
[debug] [2021-04-13T22:40:46.307Z] [worker-pool] submitWork(triggerId=api) {"metadata":{"emulator":{"name":"functions"},"message":"[worker-pool] submitWork(triggerId=api)"}}
[debug] [2021-04-13T22:40:46.307Z] [worker-api-feb9752c-19ce-4909-8663-cee086499180]: Assigning socketPath: /tmp/fire_emu_41949.sock {"metadata":{"emulator":{"name":"functions"},"message":"[worker-api-feb9752c-19ce-4909-8663-cee086499180]: Assigning socketPath: /tmp/fire_emu_41949.sock"}}
[debug] [2021-04-13T22:40:46.307Z] [worker-api-feb9752c-19ce-4909-8663-cee086499180]: BUSY {"metadata":{"emulator":{"name":"functions"},"message":"[worker-api-feb9752c-19ce-4909-8663-cee086499180]: BUSY"}}
[debug] [2021-04-13T22:40:46.311Z] [runtime-status] [41949] Trigger "api" has been found, beginning invocation! {"metadata":{"emulator":{"name":"functions"},"function":{"name":"api"},"message":"[runtime-status] [41949] Trigger \"api\" has been found, beginning invocation!"}}
[info] i  functions: Beginning execution of "api" {"metadata":{"emulator":{"name":"functions"},"function":{"name":"api"},"message":"Beginning execution of \"api\""}}
[debug] [2021-04-13T22:40:46.312Z] [runtime-status] [41949] triggerDefinition {"httpsTrigger":{},"name":"api","entryPoint":"api"} {"metadata":{"emulator":{"name":"functions"},"function":{"name":"api"},"message":"[runtime-status] [41949] triggerDefinition {\"httpsTrigger\":{},\"name\":\"api\",\"entryPoint\":\"api\"}"}}
[debug] [2021-04-13T22:40:46.313Z] [runtime-status] [41949] Running api in mode HTTPS {"metadata":{"emulator":{"name":"functions"},"function":{"name":"api"},"message":"[runtime-status] [41949] Running api in mode HTTPS"}}
[debug] [2021-04-13T22:40:46.313Z] [runtime-status] [41949] Attempting to listen to socketPath: /tmp/fire_emu_41949.sock {"metadata":{"emulator":{"name":"functions"},"function":{"name":"api"},"message":"[runtime-status] [41949] Attempting to listen to socketPath: /tmp/fire_emu_41949.sock"}}
[debug] [2021-04-13T22:40:46.314Z] [functions] Runtime ready! Sending request! {"metadata":{"emulator":{"name":"functions"},"message":"[functions] Runtime ready! Sending request!"}}
[debug] [2021-04-13T22:40:46.314Z] [functions] Got req.url=/clone-7ec17/us-central1/api/payments/create?total=25899, mapping to path=/payments/create?total=25899 {"metadata":{"emulator":{"name":"functions"},"message":"[functions] Got req.url=/clone-7ec17/us-central1/api/payments/create?total=25899, mapping to path=/payments/create?total=25899"}}
[debug] [2021-04-13T22:40:46.320Z] [runtime-status] [41949] Ephemeral server handling POST request {"metadata":{"emulator":{"name":"functions"},"function":{"name":"api"},"message":"[runtime-status] [41949] Ephemeral server handling POST request"}}
[debug] [2021-04-13T22:40:46.322Z] [runtime-status] [41949] Ephemeral server survived. {"metadata":{"emulator":{"name":"functions"},"function":{"name":"api"},"message":"[runtime-status] [41949] Ephemeral server survived."}}
[info] i  functions: Finished "api" in ~1s {"metadata":{"emulator":{"name":"functions"},"function":{"name":"api"},"message":"Finished \"api\" in ~1s"}}
[debug] [2021-04-13T22:40:46.822Z] [worker-api-feb9752c-19ce-4909-8663-cee086499180]: IDLE {"metadata":{"emulator":{"name":"functions"},"message":"[worker-api-feb9752c-19ce-4909-8663-cee086499180]: IDLE"}}
[debug] [2021-04-13T22:40:46.823Z] [work-queue] {"queueLength":0,"workRunningCount":0}
